Added Component: Designator=*1(AMS1117)
Added Component: Designator=B1(Push button 4 pin)
Added Component: Designator=BZ1(LS_12.2x6.5_P5_PS1240P02BT)
Added Component: Designator=C1(C_0805)
Added Component: Designator=C2(C_0805)
Added Component: Designator=C3(C_0805)
Added Component: Designator=C4(C_0805)
Added Component: Designator=CN1(CN_B4B-XH-A_BLUE _RightAngle)
Added Component: Designator=CN2(CN_B4B-XH-A_BLUE _RightAngle)
Added Component: Designator=D1(D_DO214AC-ES1J)
Added Component: Designator=LD1(LED_3x5_P2.5)
Added Component: Designator=Q1(BC817)
Added Component: Designator=Q2(BC817)
Added Component: Designator=Q3(SM16703P)
Added Component: Designator=Q4(Esp01)
Added Component: Designator=R1(R_0805)
Added Component: Designator=R2(R_0805)
Added Component: Designator=R3(R_0805)
Added Component: Designator=R4(R_0805)
Added Component: Designator=R5(R_0805)
Added Component: Designator=R6(R_0805)
Added Component: Designator=R7(R_0805)
Added Component: Designator=R8(R_0805)
Added Component: Designator=R9(R_0805)
Added Component: Designator=R10(R_0805)
Added Component: Designator=RL1(RL_SPDT_10ARelay_AZ943-1CH-12DE)
Added Pin To Net: NetName=+12 Pin=*1-3
Added Pin To Net: NetName=+12 Pin=BZ1-1
Added Pin To Net: NetName=+12 Pin=C2-1
Added Pin To Net: NetName=+12 Pin=CN1-1
Added Pin To Net: NetName=+12 Pin=CN2-1
Added Pin To Net: NetName=+12 Pin=D1-1
Added Pin To Net: NetName=+12 Pin=D1-2
Added Pin To Net: NetName=+12 Pin=LD1-2
Added Pin To Net: NetName=+12 Pin=Q1-3
Added Pin To Net: NetName=+12 Pin=R5-1
Added Pin To Net: NetName=+12 Pin=R9-2
Added Pin To Net: NetName=+12 Pin=RL1-1
Added Pin To Net: NetName=+12 Pin=RL1-2
Added Net: Name=+12
Added Pin To Net: NetName=3V3 Pin=*1-2
Added Pin To Net: NetName=3V3 Pin=C1-1
Added Pin To Net: NetName=3V3 Pin=C3-1
Added Pin To Net: NetName=3V3 Pin=Q4-8
Added Net: Name=3V3
Added Pin To Net: NetName=DIN Pin=CN1-2
Added Pin To Net: NetName=DIN Pin=Q4-3
Added Pin To Net: NetName=DIN Pin=R6-2
Added Net: Name=DIN
Added Pin To Net: NetName=DOUT Pin=CN2-2
Added Pin To Net: NetName=DOUT Pin=Q3-5
Added Net: Name=DOUT
Added Pin To Net: NetName=FB_OUT Pin=B1-3
Added Pin To Net: NetName=FB_OUT Pin=Q3-3
Added Net: Name=FB_OUT
Added Pin To Net: NetName=FB Pin=B1-4
Added Pin To Net: NetName=FB Pin=CN1-3
Added Pin To Net: NetName=FB Pin=CN2-3
Added Pin To Net: NetName=FB Pin=R7-1
Added Net: Name=FB
Added Pin To Net: NetName=GND Pin=*1-1
Added Pin To Net: NetName=GND Pin=*1-4
Added Pin To Net: NetName=GND Pin=C1-2
Added Pin To Net: NetName=GND Pin=C2-2
Added Pin To Net: NetName=GND Pin=C3-2
Added Pin To Net: NetName=GND Pin=C4-2
Added Pin To Net: NetName=GND Pin=CN1-4
Added Pin To Net: NetName=GND Pin=CN2-4
Added Pin To Net: NetName=GND Pin=Q1-2
Added Pin To Net: NetName=GND Pin=Q2-2
Added Pin To Net: NetName=GND Pin=Q3-4
Added Pin To Net: NetName=GND Pin=Q4-1
Added Pin To Net: NetName=GND Pin=R2-2
Added Pin To Net: NetName=GND Pin=R3-2
Added Pin To Net: NetName=GND Pin=R8-1
Added Pin To Net: NetName=GND Pin=R10-1
Added Net: Name=GND
Added Pin To Net: NetName=NetBZ1_2 Pin=BZ1-2
Added Pin To Net: NetName=NetBZ1_2 Pin=Q2-3
Added Net: Name=NetBZ1_2
Added Pin To Net: NetName=NetC4_1 Pin=C4-1
Added Pin To Net: NetName=NetC4_1 Pin=Q3-8
Added Pin To Net: NetName=NetC4_1 Pin=R9-1
Added Net: Name=NetC4_1
Added Pin To Net: NetName=NetLD1_1 Pin=LD1-1
Added Pin To Net: NetName=NetLD1_1 Pin=R5-2
Added Net: Name=NetLD1_1
Added Pin To Net: NetName=NetQ1_1 Pin=Q1-1
Added Pin To Net: NetName=NetQ1_1 Pin=R2-1
Added Pin To Net: NetName=NetQ1_1 Pin=R4-2
Added Net: Name=NetQ1_1
Added Pin To Net: NetName=NetQ2_1 Pin=Q2-1
Added Pin To Net: NetName=NetQ2_1 Pin=R1-2
Added Pin To Net: NetName=NetQ2_1 Pin=R3-1
Added Net: Name=NetQ2_1
Added Pin To Net: NetName=NetQ3_6 Pin=Q3-6
Added Pin To Net: NetName=NetQ3_6 Pin=R6-1
Added Net: Name=NetQ3_6
Added Pin To Net: NetName=NetQ4_5 Pin=Q4-5
Added Pin To Net: NetName=NetQ4_5 Pin=R7-2
Added Pin To Net: NetName=NetQ4_5 Pin=R8-2
Added Net: Name=NetQ4_5
Added Pin To Net: NetName=NetQ4_7 Pin=Q4-7
Added Pin To Net: NetName=NetQ4_7 Pin=R10-2
Added Net: Name=NetQ4_7
Added Pin To Net: NetName=NetRL1_3 Pin=RL1-3
Added Net: Name=NetRL1_3
Added Pin To Net: NetName=NetRL1_4 Pin=RL1-4
Added Net: Name=NetRL1_4
Added Pin To Net: NetName=OUT1 Pin=Q3-1
Added Pin To Net: NetName=OUT1 Pin=R4-1
Added Net: Name=OUT1
Added Pin To Net: NetName=OUT2 Pin=Q3-2
Added Pin To Net: NetName=OUT2 Pin=R1-1
Added Net: Name=OUT2
Added Class: Name=ReceiverSlave
Added Room: Name=ReceiverSlave
